----------------------------------------------------------------
2010-05-30 22:55:51.873 GMT:
 Booting Derby version The Apache Software Foundation - Apache Derby - 10.5.3.0 - (802917): instance a816c00e-0128-eb6d-a7ae-000007408650
on database directory /export/home/martin/IdeaProjects/JackrabbitHops/repository/version/db  

Database Class Loader started - derby.database.classpath=''
----------------------------------------------------------------
2010-05-30 22:55:52.587 GMT:
 Booting Derby version The Apache Software Foundation - Apache Derby - 10.5.3.0 - (802917): instance e0b94027-0128-eb6d-a7ae-000007408650
on database directory /export/home/martin/IdeaProjects/JackrabbitHops/repository/workspaces/default/db  

Database Class Loader started - derby.database.classpath=''
----------------------------------------------------------------
2010-05-30 22:55:53.696 GMT:
 Booting Derby version The Apache Software Foundation - Apache Derby - 10.5.3.0 - (802917): instance da398044-0128-eb6d-a7ae-000007408650
on database directory /export/home/martin/IdeaProjects/JackrabbitHops/repository/workspaces/security/db  

Database Class Loader started - derby.database.classpath=''

2010-05-30 22:55:54.738 GMT:
Shutting down instance e0b94027-0128-eb6d-a7ae-000007408650
----------------------------------------------------------------

2010-05-30 22:55:54.826 GMT:
Shutting down instance da398044-0128-eb6d-a7ae-000007408650
----------------------------------------------------------------

2010-05-30 22:55:54.935 GMT:
Shutting down instance a816c00e-0128-eb6d-a7ae-000007408650
----------------------------------------------------------------
